{
  "stats": {
    "suites": 12,
    "tests": 13,
    "passes": 13,
    "pending": 0,
    "failures": 0,
    "start": "2021-11-27T18:36:51.759Z",
    "end": "2021-11-27T18:39:20.391Z",
    "duration": 86448,
    "testsRegistered": 13,
    "passPercent": 100,
    "pendingPercent": 0,
    "other": 0,
    "hasOther": false,
    "skipped": 0,
    "hasSkipped": false
  },
  "results": [
    {
      "uuid": "a2375779-55f6-431b-bf7d-15ffd332d47d",
      "title": "",
      "fullFile": "cypress/integration/DemoTest/AutomationPractice-1.js",
      "file": "cypress/integration/DemoTest/AutomationPractice-1.js",
      "beforeHooks": [],
      "afterHooks": [],
      "tests": [],
      "suites": [
        {
          "uuid": "dad58fe9-c331-4cd8-ba4e-f5ba856d540c",
          "title": "My TestSuite-3",
          "fullFile": "",
          "file": "",
          "beforeHooks": [],
          "afterHooks": [],
          "tests": [
            {
              "title": "TestCase-1",
              "fullTitle": "My TestSuite-3 TestCase-1",
              "timedOut": null,
              "duration": 8566,
              "state": "passed",
              "speed": "medium",
              "pass": true,
              "fail": false,
              "pending": false,
              "context": null,
              "code": "cy.visit(Cypress.env(\"url\") + \"/AutomationPractice/\");\ncy.get(\"#checkBoxOption1\").check().should(\"be.checked\", true).and(\"have.value\", \"option1\"); //Check boxes\ncy.get(\"#checkBoxOption1\").uncheck().should(\"not.be.checked\");\ncy.get(\"input[type='checkbox']\").check([\"option2\", \"option3\"]); // Static dropdowns\ncy.get(\"select#dropdown-class-example\").select(\"option3\").should(\"have.value\", \"option3\"); //Dynamic dropdowns\ncy.get(\"#autocomplete\").type(\"ind\");\ncy.get(\".ui-menu-item div\").each(function ($el, index, $list) {\n  if ($el.text() === \"India\") {\n    cy.wrap($el).click();\n  }\n}); //autocomplete\ncy.get(\"#autocomplete\").should(\"have.value\", \"India\"); //visible-not.visible\ncy.get(\"#hide-textbox\").click();\ncy.get(\"#displayed-text\").should(\"be.hidden\")\n/*or .should(\"not.be.visible\");*/\n;\ncy.get(\"#show-textbox\").click();\ncy.get(\"#displayed-text\").should(\"be.visible\");\ncy.get(\"#displayed-text\").type(\"muhahahahahaha\"); //check radio\ncy.get(\"input[name='radioButton']\").check([\"radio1\", \"radio3\"]).should(\"be.checked\")\n/*-only one radio button can be selected*/\n;",
              "err": {},
              "uuid": "c197164c-eed2-429d-be37-831cd12d3dd8",
              "parentUUID": "dad58fe9-c331-4cd8-ba4e-f5ba856d540c",
              "isHook": false,
              "skipped": false
            }
          ],
          "suites": [],
          "passes": [
            "c197164c-eed2-429d-be37-831cd12d3dd8"
          ],
          "failures": [],
          "pending": [],
          "skipped": [],
          "duration": 8566,
          "root": false,
          "rootEmpty": false,
          "_timeout": 2000
        }
      ],
      "passes": [],
      "failures": [],
      "pending": [],
      "skipped": [],
      "duration": 0,
      "root": true,
      "rootEmpty": true,
      "_timeout": 2000
    },
    {
      "uuid": "98608649-94e5-45ae-8567-d32ce0bf5909",
      "title": "",
      "fullFile": "cypress/integration/DemoTest/AutomationPractice-2-Alerts.js",
      "file": "cypress/integration/DemoTest/AutomationPractice-2-Alerts.js",
      "beforeHooks": [],
      "afterHooks": [],
      "tests": [],
      "suites": [
        {
          "uuid": "ed61aa51-b8dd-4668-8ba7-2352897812a8",
          "title": "My TestSuite-3",
          "fullFile": "",
          "file": "",
          "beforeHooks": [],
          "afterHooks": [],
          "tests": [
            {
              "title": "TestCase-1",
              "fullTitle": "My TestSuite-3 TestCase-1",
              "timedOut": null,
              "duration": 12802,
              "state": "passed",
              "speed": "slow",
              "pass": true,
              "fail": false,
              "pending": false,
              "context": null,
              "code": "cy.visit(Cypress.env(\"url\") + \"/AutomationPractice/\");\ncy.get(\"#alertbtn\").click(); //Cypress auto accepts alerts and pop-ups\n//window:alert- API\ncy.on(\"window:alert\", function (str) {\n  //mocha\n  expect(str).to.equal(\"Hello , share this practice page and share your knowledge\");\n});\ncy.get(\"input[value='Confirm']\").click(); //window:confirm- API\ncy.on(\"window:confirm\", function (confirm) {\n  expect(confirm).to.equal(\"Hello , Are you sure you want to confirm?\");\n});\ncy.get(\"#opentab\").invoke(\"removeAttr\", \"target\").click(); //  navigation back/forward, previous/next.\ncy.url().should(\"include\", \"rahulshettyacademy.com\");\ncy.go(\"back\");\ncy.url().should(\"include\", \"rahulshettyacademy.com/AutomationPractice/\");\ncy.go(\"forward\");\ncy.url().should(\"include\", \"rahulshettyacademy.com\");\ncy.go(\"back\");\ncy.url().should(\"include\", \"rahulshettyacademy.com/AutomationPractice/\");",
              "err": {},
              "uuid": "4c80a5e5-6c35-4cb2-ad25-7fe715901118",
              "parentUUID": "ed61aa51-b8dd-4668-8ba7-2352897812a8",
              "isHook": false,
              "skipped": false
            }
          ],
          "suites": [],
          "passes": [
            "4c80a5e5-6c35-4cb2-ad25-7fe715901118"
          ],
          "failures": [],
          "pending": [],
          "skipped": [],
          "duration": 12802,
          "root": false,
          "rootEmpty": false,
          "_timeout": 2000
        }
      ],
      "passes": [],
      "failures": [],
      "pending": [],
      "skipped": [],
      "duration": 0,
      "root": true,
      "rootEmpty": true,
      "_timeout": 2000
    },
    {
      "uuid": "02274869-cb5f-4e2d-8b10-9937ed6904f3",
      "title": "",
      "fullFile": "cypress/integration/DemoTest/CypressHooks.js",
      "file": "cypress/integration/DemoTest/CypressHooks.js",
      "beforeHooks": [],
      "afterHooks": [],
      "tests": [],
      "suites": [
        {
          "uuid": "e7da0df8-4e15-4ab3-84b9-6c9aa029cb18",
          "title": "My TestSuite",
          "fullFile": "",
          "file": "",
          "beforeHooks": [],
          "afterHooks": [],
          "tests": [
            {
              "title": "My 1'st test",
              "fullTitle": "My TestSuite My 1'st test",
              "timedOut": null,
              "duration": 3779,
              "state": "passed",
              "speed": "fast",
              "pass": true,
              "fail": false,
              "pending": false,
              "context": null,
              "code": "var homePage = new _HomePage[\"default\"]();\nhomePage.getNameBox().type(this.data.name);\nhomePage.getGender().select(this.data.gender);\nhomePage.getTwoWayDataBinding().should(\"have.value\", this.data.name);\nhomePage.getNameBox().should(\"have.attr\", \"minlength\", \"2\");\nhomePage.getEnterpreneaurRadioButton().should(\"not.be.checked\");\nhomePage.getEnterpreneaurRadioButton().should(\"be.disabled\");\nhomePage.getShopTab().click();",
              "err": {},
              "uuid": "d5b7afb8-b08d-4c80-95ab-10712f8eccc0",
              "parentUUID": "e7da0df8-4e15-4ab3-84b9-6c9aa029cb18",
              "isHook": false,
              "skipped": false
            }
          ],
          "suites": [],
          "passes": [
            "d5b7afb8-b08d-4c80-95ab-10712f8eccc0"
          ],
          "failures": [],
          "pending": [],
          "skipped": [],
          "duration": 3779,
          "root": false,
          "rootEmpty": false,
          "_timeout": 2000
        }
      ],
      "passes": [],
      "failures": [],
      "pending": [],
      "skipped": [],
      "duration": 0,
      "root": true,
      "rootEmpty": true,
      "_timeout": 2000
    },
    {
      "uuid": "bcecddcd-2e4d-4a9d-96bd-d8e674e9b6dc",
      "title": "",
      "fullFile": "cypress/integration/DemoTest/HandlingFrames.js",
      "file": "cypress/integration/DemoTest/HandlingFrames.js",
      "beforeHooks": [],
      "afterHooks": [],
      "tests": [],
      "suites": [
        {
          "uuid": "94f8090e-2d87-4c02-8f45-b971b71f1c33",
          "title": "MouseHover TestSuite",
          "fullFile": "",
          "file": "",
          "beforeHooks": [],
          "afterHooks": [],
          "tests": [
            {
              "title": "Testcase-1",
              "fullTitle": "MouseHover TestSuite Testcase-1",
              "timedOut": null,
              "duration": 7030,
              "state": "passed",
              "speed": "medium",
              "pass": true,
              "fail": false,
              "pending": false,
              "context": null,
              "code": "cy.visit(Cypress.env(\"url\") + \"/AutomationPractice/\");\ncy.frameLoaded(\"#courses-iframe\");\ncy.iframe().find(\"a[href*='mentorship']\").eq(0).click();\ncy.iframe().find('h1[class*=\"pricing-title\"]').should(\"have.length\", 2);",
              "err": {},
              "uuid": "96606161-9b06-4a56-a380-771272915f9a",
              "parentUUID": "94f8090e-2d87-4c02-8f45-b971b71f1c33",
              "isHook": false,
              "skipped": false
            }
          ],
          "suites": [],
          "passes": [
            "96606161-9b06-4a56-a380-771272915f9a"
          ],
          "failures": [],
          "pending": [],
          "skipped": [],
          "duration": 7030,
          "root": false,
          "rootEmpty": false,
          "_timeout": 2000
        }
      ],
      "passes": [],
      "failures": [],
      "pending": [],
      "skipped": [],
      "duration": 0,
      "root": true,
      "rootEmpty": true,
      "_timeout": 2000
    },
    {
      "uuid": "64fdbfb9-4865-4b05-85df-411c334476df",
      "title": "",
      "fullFile": "cypress/integration/DemoTest/MouseHover.js",
      "file": "cypress/integration/DemoTest/MouseHover.js",
      "beforeHooks": [],
      "afterHooks": [],
      "tests": [],
      "suites": [
        {
          "uuid": "c6f58638-f1eb-41ee-b621-086752b3157e",
          "title": "MouseHover TestSuite",
          "fullFile": "",
          "file": "",
          "beforeHooks": [],
          "afterHooks": [],
          "tests": [
            {
              "title": "Testcase-1",
              "fullTitle": "MouseHover TestSuite Testcase-1",
              "timedOut": null,
              "duration": 5640,
              "state": "passed",
              "speed": "medium",
              "pass": true,
              "fail": false,
              "pending": false,
              "context": null,
              "code": "cy.visit(Cypress.env(\"url\") + \"/AutomationPractice/\"); // cy.get(\".mouse-hover-content\").invoke(\"show\");\ncy.contains(\"Top\").click({\n  force: true\n});\ncy.url().should(\"include\", \"top\");",
              "err": {},
              "uuid": "5e313f66-673d-49f8-89d5-9321a4a1ceb2",
              "parentUUID": "c6f58638-f1eb-41ee-b621-086752b3157e",
              "isHook": false,
              "skipped": false
            }
          ],
          "suites": [],
          "passes": [
            "5e313f66-673d-49f8-89d5-9321a4a1ceb2"
          ],
          "failures": [],
          "pending": [],
          "skipped": [],
          "duration": 5640,
          "root": false,
          "rootEmpty": false,
          "_timeout": 2000
        }
      ],
      "passes": [],
      "failures": [],
      "pending": [],
      "skipped": [],
      "duration": 0,
      "root": true,
      "rootEmpty": true,
      "_timeout": 2000
    },
    {
      "uuid": "665d30b1-4c7e-46eb-9408-182949ea8403",
      "title": "",
      "fullFile": "cypress/integration/DemoTest/Navigate-GreenKartPage.js",
      "file": "cypress/integration/DemoTest/Navigate-GreenKartPage.js",
      "beforeHooks": [],
      "afterHooks": [],
      "tests": [],
      "suites": [
        {
          "uuid": "7fab8f3c-cc0c-4880-9131-6f52d02cb646",
          "title": "My second TestSuite",
          "fullFile": "",
          "file": "",
          "beforeHooks": [],
          "afterHooks": [],
          "tests": [
            {
              "title": "TestCase-1",
              "fullTitle": "My second TestSuite TestCase-1",
              "timedOut": null,
              "duration": 6412,
              "state": "passed",
              "speed": "medium",
              "pass": true,
              "fail": false,
              "pending": false,
              "context": null,
              "code": "cy.visit(\"https://rahulshettyacademy.com/seleniumPractise/#/\");\ncy.get(\".search-keyword\").type(\"ca\");\ncy.wait(2000);\ncy.get(\".products\").as(\"products\");\ncy.get(\"@products\").find(\".product\").eq(1).contains(\"ADD TO CART\").click();\ncy.get(\"@products\").find(\".product\").each(function ($el, index, $list) {\n  var textVeg = $el.find(\"h4.product-name\").text();\n  if (textVeg.includes(\"Cashews\")) {\n    cy.wrap($el).find(\"button\").click();\n  }\n});\ncy.get(\".cart-icon > img\").click();\ncy.get(\"button[type='button']\").contains(\"PROCEED TO CHECKOUT\").click();\ncy.contains(\"Place Order\").click(); // cy.get(\":nth-child(14)\").click();",
              "err": {},
              "uuid": "e3afeaea-61e9-4f87-81cb-5c722bff62df",
              "parentUUID": "7fab8f3c-cc0c-4880-9131-6f52d02cb646",
              "isHook": false,
              "skipped": false
            }
          ],
          "suites": [],
          "passes": [
            "e3afeaea-61e9-4f87-81cb-5c722bff62df"
          ],
          "failures": [],
          "pending": [],
          "skipped": [],
          "duration": 6412,
          "root": false,
          "rootEmpty": false,
          "_timeout": 2000
        }
      ],
      "passes": [],
      "failures": [],
      "pending": [],
      "skipped": [],
      "duration": 0,
      "root": true,
      "rootEmpty": true,
      "_timeout": 2000
    },
    {
      "uuid": "81824ef8-b072-4d02-a80b-19f67a9c6e4c",
      "title": "",
      "fullFile": "cypress/integration/DemoTest/OpenWindow.js",
      "file": "cypress/integration/DemoTest/OpenWindow.js",
      "beforeHooks": [],
      "afterHooks": [],
      "tests": [],
      "suites": [
        {
          "uuid": "39f91525-5866-404a-a936-556955280140",
          "title": "MouseHover TestSuite",
          "fullFile": "",
          "file": "",
          "beforeHooks": [],
          "afterHooks": [],
          "tests": [
            {
              "title": "Testcase-1",
              "fullTitle": "MouseHover TestSuite Testcase-1",
              "timedOut": null,
              "duration": 8211,
              "state": "passed",
              "speed": "medium",
              "pass": true,
              "fail": false,
              "pending": false,
              "context": null,
              "code": "cy.visit(Cypress.env(\"url\") + \"/AutomationPractice/\"); //   Get the value of an property\ncy.get(\"#opentab\").then(function (el) {\n  var url = el.prop(\"href\");\n  cy.visit(url);\n}); // cy.get(\"#openwindow\").invoke(\"removeAttr\", \"onclick\").click();",
              "err": {},
              "uuid": "67b03d0a-febb-41e8-8a9d-66f2796b3e93",
              "parentUUID": "39f91525-5866-404a-a936-556955280140",
              "isHook": false,
              "skipped": false
            }
          ],
          "suites": [],
          "passes": [
            "67b03d0a-febb-41e8-8a9d-66f2796b3e93"
          ],
          "failures": [],
          "pending": [],
          "skipped": [],
          "duration": 8211,
          "root": false,
          "rootEmpty": false,
          "_timeout": 2000
        }
      ],
      "passes": [],
      "failures": [],
      "pending": [],
      "skipped": [],
      "duration": 0,
      "root": true,
      "rootEmpty": true,
      "_timeout": 2000
    },
    {
      "uuid": "a22d7731-2d8c-4672-942f-1ab3fdd876b1",
      "title": "",
      "fullFile": "cypress/integration/DemoTest/test.js",
      "file": "cypress/integration/DemoTest/test.js",
      "beforeHooks": [],
      "afterHooks": [],
      "tests": [],
      "suites": [
        {
          "uuid": "cb608045-e0a9-4546-8534-6bbd81aa2c3b",
          "title": "My first test suite",
          "fullFile": "",
          "file": "",
          "beforeHooks": [],
          "afterHooks": [],
          "tests": [
            {
              "title": "My fist test case",
              "fullTitle": "My first test suite My fist test case",
              "timedOut": null,
              "duration": 5516,
              "state": "passed",
              "speed": "medium",
              "pass": true,
              "fail": false,
              "pending": false,
              "context": null,
              "code": "cy.visit(Cypress.env(\"url\") + \"/seleniumPractise/#/\");\ncy.get(\".search-keyword\").type(\"ca\");\ncy.wait(2000);\ncy.get(\".product:visible\").should(\"have.length\", 4); //parent-child chain\ncy.get(\".products\").find(\".product\").should(\"have.length\", 4);\ncy.get(\".products\").find(\".product\").should(\"have.length\", 4);\ncy.get(\".products\").find(\".product\").eq(1).contains(\"ADD TO CART\").click();\ncy.get(\".products\").find(\".product\").each(function ($el, index, $list) {\n  var textVeg = $el.find(\"h4.product.name\").text();\n  if (textVeg.includes(\"Cashews\")) {\n    cy.wrap($el).find(\"button\").click();\n  }\n});",
              "err": {},
              "uuid": "4ac2c658-3dff-428e-9da3-24ce3e0d6513",
              "parentUUID": "cb608045-e0a9-4546-8534-6bbd81aa2c3b",
              "isHook": false,
              "skipped": false
            }
          ],
          "suites": [],
          "passes": [
            "4ac2c658-3dff-428e-9da3-24ce3e0d6513"
          ],
          "failures": [],
          "pending": [],
          "skipped": [],
          "duration": 5516,
          "root": false,
          "rootEmpty": false,
          "_timeout": 2000
        }
      ],
      "passes": [],
      "failures": [],
      "pending": [],
      "skipped": [],
      "duration": 0,
      "root": true,
      "rootEmpty": true,
      "_timeout": 2000
    },
    {
      "uuid": "3b9fa472-01cd-42c3-85e6-482c4a94da84",
      "title": "",
      "fullFile": "cypress/integration/DemoTest/Test1.js",
      "file": "cypress/integration/DemoTest/Test1.js",
      "beforeHooks": [],
      "afterHooks": [],
      "tests": [],
      "suites": [
        {
          "uuid": "855a3ed0-70fb-407f-8d57-4d0448945203",
          "title": "My first TestSuite",
          "fullFile": "",
          "file": "",
          "beforeHooks": [],
          "afterHooks": [],
          "tests": [
            {
              "title": "My first TestCase",
              "fullTitle": "My first TestSuite My first TestCase",
              "timedOut": null,
              "duration": 13,
              "state": "passed",
              "speed": "fast",
              "pass": true,
              "fail": false,
              "pending": false,
              "context": null,
              "code": "//All test steps are written here\n    // expect(true).to.equal(false);",
              "err": {},
              "uuid": "cc899db9-65a8-467b-a44d-3301775204fd",
              "parentUUID": "855a3ed0-70fb-407f-8d57-4d0448945203",
              "isHook": false,
              "skipped": false
            },
            {
              "title": "My second TestCase",
              "fullTitle": "My first TestSuite My second TestCase",
              "timedOut": null,
              "duration": 4326,
              "state": "passed",
              "speed": "fast",
              "pass": true,
              "fail": false,
              "pending": false,
              "context": null,
              "code": "//Write test steps\ncy.visit(Cypress.env(\"url\") + \"/seleniumPractise/#/\");\ncy.get(\".search-keyword\").type(\"ca\"); //When we don’t have any load animations we shoud use the cy.wait(ms) method.\ncy.wait(2000); //In selenium get is used for reaching a URL in the browser.\n//In Cypress get acts like find element.\n//should is an assertion-> the number of elements with class=product should be 4.\ncy.get(\".product:visible\").should(\"have.length\", 4); //create a variable using \"as\"\ncy.get(\".products\").as(\"products\"); //Parent- Child chaining\ncy.get(\"@products\").find(\".product\").should(\"have.length\", 4);\ncy.get(\"@products\").find(\".product\").eq(1).contains(\"ADD TO CART\").click().then(function () {\n  console.log(\"JavaScript method\");\n}); // cy.get(\".products\")\n//   .find(\".product\")\n//   .contains(\"Cashews\")\n//   .get(\":nth-child(4) > .product-action > button\")\n//   .click();\n//.each is a method used to iterate trough a list and search for a element\ncy.get(\"@products\").find(\".product\").each(function ($el, index, $list) {\n  var textVeg = $el.find(\"h4.product-name\").text();\n  if (textVeg.includes(\"Cashews\")) {\n    cy.wrap($el).find(\"button\").click();\n  }\n}); //assert if logo text is correctly displayed\ncy.get(\".brand.greenLogo\").should(\"have.text\", \"GREENKART\"); //this is to create a variable and print in logs\ncy.get(\".brand.greenLogo\").then(function (logoelement) {\n  cy.log(logoelement.text());\n});\ncy.get(\".cart-icon > img\").click(); // cy.get(\".action-block\").find(\":nth-child(14)\").click();\n// cy.get(\":nth-child(14)\");",
              "err": {},
              "uuid": "efa14227-ae5e-4a1d-bfc5-5d6f8c23dbe9",
              "parentUUID": "855a3ed0-70fb-407f-8d57-4d0448945203",
              "isHook": false,
              "skipped": false
            }
          ],
          "suites": [],
          "passes": [
            "cc899db9-65a8-467b-a44d-3301775204fd",
            "efa14227-ae5e-4a1d-bfc5-5d6f8c23dbe9"
          ],
          "failures": [],
          "pending": [],
          "skipped": [],
          "duration": 4339,
          "root": false,
          "rootEmpty": false,
          "_timeout": 2000
        }
      ],
      "passes": [],
      "failures": [],
      "pending": [],
      "skipped": [],
      "duration": 0,
      "root": true,
      "rootEmpty": true,
      "_timeout": 2000
    },
    {
      "uuid": "54967980-a376-41d5-a522-72947a474f9f",
      "title": "",
      "fullFile": "cypress/integration/DemoTest/Test2.js",
      "file": "cypress/integration/DemoTest/Test2.js",
      "beforeHooks": [],
      "afterHooks": [],
      "tests": [],
      "suites": [
        {
          "uuid": "ccb2decd-6bc9-4aac-a21e-960d56a30123",
          "title": "My TestSuite-3",
          "fullFile": "",
          "file": "",
          "beforeHooks": [],
          "afterHooks": [],
          "tests": [
            {
              "title": "TestCase-1",
              "fullTitle": "My TestSuite-3 TestCase-1",
              "timedOut": null,
              "duration": 7163,
              "state": "passed",
              "speed": "medium",
              "pass": true,
              "fail": false,
              "pending": false,
              "context": null,
              "code": "cy.visit(Cypress.env(\"url\") + \"/AutomationPractice/\");\ncy.get(\"#checkBoxOption1\").check().should(\"be.checked\", true).and(\"have.value\", \"option1\"); //Check boxes\ncy.get(\"#checkBoxOption1\").uncheck().should(\"not.be.checked\");\ncy.get(\"input[type='checkbox']\").check([\"option2\", \"option3\"]); // cy.contains(\"#checkbox-example\").each(($el, index, $list) => {\n//   cy.contains(\"#checkBoxOption\").check();\n// });\n// Static dropdowns\ncy.get(\"select#dropdown-class-example\").select(\"option3\").should(\"have.value\", \"option3\"); //Dynamic dropdowns\n// cy.get(\"#autocomplete\").type(\"ind\").contains(\"India\");",
              "err": {},
              "uuid": "92687b38-05bf-467d-af25-76c3ac4cb19f",
              "parentUUID": "ccb2decd-6bc9-4aac-a21e-960d56a30123",
              "isHook": false,
              "skipped": false
            }
          ],
          "suites": [],
          "passes": [
            "92687b38-05bf-467d-af25-76c3ac4cb19f"
          ],
          "failures": [],
          "pending": [],
          "skipped": [],
          "duration": 7163,
          "root": false,
          "rootEmpty": false,
          "_timeout": 2000
        }
      ],
      "passes": [],
      "failures": [],
      "pending": [],
      "skipped": [],
      "duration": 0,
      "root": true,
      "rootEmpty": true,
      "_timeout": 2000
    },
    {
      "uuid": "ea806e3c-fa4a-446d-a894-50f3ab3feab6",
      "title": "",
      "fullFile": "cypress/integration/DemoTest/WebTables.js",
      "file": "cypress/integration/DemoTest/WebTables.js",
      "beforeHooks": [],
      "afterHooks": [],
      "tests": [],
      "suites": [
        {
          "uuid": "7bcc78ba-7e9e-4a0d-8864-fb0cb7ebd10f",
          "title": "My Table TestSuite",
          "fullFile": "",
          "file": "",
          "beforeHooks": [],
          "afterHooks": [],
          "tests": [
            {
              "title": "TestCase-1",
              "fullTitle": "My Table TestSuite TestCase-1",
              "timedOut": null,
              "duration": 6844,
              "state": "passed",
              "speed": "medium",
              "pass": true,
              "fail": false,
              "pending": false,
              "context": null,
              "code": "cy.visit(Cypress.env(\"url\") + \"/AutomationPractice/\");\ncy.get(\".table-display td:nth-child(2)\").each(function ($el, index, $list) {\n  var columnCourse = $el.text();\n  if (columnCourse.includes(\"Python\")) {\n    cy.get(\".table-display td:nth-child(2)\").eq(index).next().then(function (price) {\n      var priceText = price.text();\n      expect(priceText).to.equal(\"25\");\n    });\n  }\n});",
              "err": {},
              "uuid": "a78b7ab9-ab99-456e-8250-9d2d77e41394",
              "parentUUID": "7bcc78ba-7e9e-4a0d-8864-fb0cb7ebd10f",
              "isHook": false,
              "skipped": false
            }
          ],
          "suites": [],
          "passes": [
            "a78b7ab9-ab99-456e-8250-9d2d77e41394"
          ],
          "failures": [],
          "pending": [],
          "skipped": [],
          "duration": 6844,
          "root": false,
          "rootEmpty": false,
          "_timeout": 2000
        }
      ],
      "passes": [],
      "failures": [],
      "pending": [],
      "skipped": [],
      "duration": 0,
      "root": true,
      "rootEmpty": true,
      "_timeout": 2000
    },
    {
      "uuid": "4e72c6af-6af9-4a7f-835d-58e2d669dd24",
      "title": "",
      "fullFile": "cypress/integration/DemoTest/AddToShop.js",
      "file": "cypress/integration/DemoTest/AddToShop.js",
      "beforeHooks": [],
      "afterHooks": [],
      "tests": [],
      "suites": [
        {
          "uuid": "e84d41a9-ae93-47b9-94cd-171769c4e4b4",
          "title": "My TestSuite",
          "fullFile": "",
          "file": "",
          "beforeHooks": [],
          "afterHooks": [],
          "tests": [
            {
              "title": "My 1'st test",
              "fullTitle": "My TestSuite My 1'st test",
              "timedOut": null,
              "duration": 10146,
              "state": "passed",
              "speed": "slow",
              "pass": true,
              "fail": false,
              "pending": false,
              "context": null,
              "code": "// this.data.product;\nCypress.config(\"pageLoadTimeout\", 8000);\nvar shop = new _Shop[\"default\"]();\nthis.data.product.forEach(function (element) {\n  cy.selectTel(element);\n});\nshop.getCheckOut().click(); //How to check the total price of the products\nvar sum = 0;\ncy.get(\"td:nth-child(4) strong\").each(function (el) {\n  //   split string by white space \" \"\n  var splitRes = el.text().split(\" \"); //   delete spaces before and after the element of index 1\n  var price = splitRes[1].trim();\n  sum = Number(sum) + Number(price);\n}).then(function () {\n  // we use .then because JS is asyncronous and we need to wait for the promise to be resolved\n  cy.log(sum);\n});\ncy.get(\"h3:nth-child(1) strong\").then(function (element) {\n  var total = element.text().split(\" \");\n  var price = total[1].trim();\n  expect(sum).to.equal(Number(price));\n}); // cy.pause();\nshop.getCheckOut2().click();\nshop.getCountry().type(\"India\");\ncy.get(\".suggestions > ul > li > a\").click();\ncy.get(\"#checkbox2\").click({\n  force: true\n});\ncy.get(\"input[type='submit']\").click();\ncy.get(\".alert\").then(function (el) {\n  var element = el.text();\n  expect(element.includes(\"Success! Thank you! Your order will be delivered in next few weeks :-).\")).to.be[\"true\"];\n}); //   .each((el, index, list) => {\n//     if (el.text() === \"India\") {\n//       cy.wrap(el).click();\n//     }\n//   });",
              "err": {},
              "uuid": "0925ae1d-80a9-431a-ab89-da40b010a857",
              "parentUUID": "e84d41a9-ae93-47b9-94cd-171769c4e4b4",
              "isHook": false,
              "skipped": false
            }
          ],
          "suites": [],
          "passes": [
            "0925ae1d-80a9-431a-ab89-da40b010a857"
          ],
          "failures": [],
          "pending": [],
          "skipped": [],
          "duration": 10146,
          "root": false,
          "rootEmpty": false,
          "_timeout": 2000
        }
      ],
      "passes": [],
      "failures": [],
      "pending": [],
      "skipped": [],
      "duration": 0,
      "root": true,
      "rootEmpty": true,
      "_timeout": 2000
    }
  ],
  "meta": {
    "mocha": {
      "version": "7.0.1"
    },
    "mochawesome": {
      "options": {
        "quiet": false,
        "reportFilename": "mochawesome",
        "saveHtml": false,
        "saveJson": true,
        "consoleReporter": "spec",
        "useInlineDiffs": false,
        "code": true
      },
      "version": "7.0.1"
    },
    "marge": {
      "options": {
        "charts": true,
        "overwrite": false,
        "html": false,
        "json": true,
        "reportDir": "cypress/report/mochawesome-report"
      },
      "version": "6.0.1"
    }
  }
}