{
  "stats": {
    "suites": 1,
    "tests": 1,
    "passes": 1,
    "pending": 0,
    "failures": 0,
    "start": "2021-11-26T11:58:13.976Z",
    "end": "2021-11-26T11:58:21.094Z",
    "duration": 7118,
    "testsRegistered": 1,
    "passPercent": 100,
    "pendingPercent": 0,
    "other": 0,
    "hasOther": false,
    "skipped": 0,
    "hasSkipped": false
  },
  "results": [
    {
      "uuid": "37e187ab-73fb-4112-97db-4adbe80ecfd2",
      "title": "",
      "fullFile": "cypress/integration/DemoTest/WebTables.js",
      "file": "cypress/integration/DemoTest/WebTables.js",
      "beforeHooks": [],
      "afterHooks": [],
      "tests": [],
      "suites": [
        {
          "uuid": "99c5a81f-0840-4336-807f-e81e04fc68de",
          "title": "My Table TestSuite",
          "fullFile": "",
          "file": "",
          "beforeHooks": [],
          "afterHooks": [],
          "tests": [
            {
              "title": "TestCase-1",
              "fullTitle": "My Table TestSuite TestCase-1",
              "timedOut": null,
              "duration": 5966,
              "state": "passed",
              "speed": "medium",
              "pass": true,
              "fail": false,
              "pending": false,
              "context": null,
              "code": "cy.visit(Cypress.env(\"url\") + \"/AutomationPractice/\");\ncy.get(\".table-display td:nth-child(2)\").each(($el, index, $list) => {\n  const columnCourse = $el.text();\n  if (columnCourse.includes(\"Python\")) {\n    cy.get(\".table-display td:nth-child(2)\").eq(index).next().then(function (price) {\n      const priceText = price.text();\n      expect(priceText).to.equal(\"25\");\n    });\n  }\n});",
              "err": {},
              "uuid": "16118d88-7c9a-48c9-b068-1ce88eec60e5",
              "parentUUID": "99c5a81f-0840-4336-807f-e81e04fc68de",
              "isHook": false,
              "skipped": false
            }
          ],
          "suites": [],
          "passes": [
            "16118d88-7c9a-48c9-b068-1ce88eec60e5"
          ],
          "failures": [],
          "pending": [],
          "skipped": [],
          "duration": 5966,
          "root": false,
          "rootEmpty": false,
          "_timeout": 2000
        }
      ],
      "passes": [],
      "failures": [],
      "pending": [],
      "skipped": [],
      "duration": 0,
      "root": true,
      "rootEmpty": true,
      "_timeout": 2000
    }
  ],
  "meta": {
    "mocha": {
      "version": "7.0.1"
    },
    "mochawesome": {
      "options": {
        "quiet": false,
        "reportFilename": "mochawesome",
        "saveHtml": true,
        "saveJson": true,
        "consoleReporter": "spec",
        "useInlineDiffs": false,
        "code": true
      },
      "version": "7.0.1"
    },
    "marge": {
      "options": null,
      "version": "6.0.1"
    }
  }
}