{
  "stats": {
    "suites": 1,
    "tests": 1,
    "passes": 1,
    "pending": 0,
    "failures": 0,
    "start": "2021-11-27T18:38:39.966Z",
    "end": "2021-11-27T18:38:47.069Z",
    "duration": 7103,
    "testsRegistered": 1,
    "passPercent": 100,
    "pendingPercent": 0,
    "other": 0,
    "hasOther": false,
    "skipped": 0,
    "hasSkipped": false
  },
  "results": [
    {
      "uuid": "a22d7731-2d8c-4672-942f-1ab3fdd876b1",
      "title": "",
      "fullFile": "cypress/integration/DemoTest/test.js",
      "file": "cypress/integration/DemoTest/test.js",
      "beforeHooks": [],
      "afterHooks": [],
      "tests": [],
      "suites": [
        {
          "uuid": "cb608045-e0a9-4546-8534-6bbd81aa2c3b",
          "title": "My first test suite",
          "fullFile": "",
          "file": "",
          "beforeHooks": [],
          "afterHooks": [],
          "tests": [
            {
              "title": "My fist test case",
              "fullTitle": "My first test suite My fist test case",
              "timedOut": null,
              "duration": 5516,
              "state": "passed",
              "speed": "medium",
              "pass": true,
              "fail": false,
              "pending": false,
              "context": null,
              "code": "cy.visit(Cypress.env(\"url\") + \"/seleniumPractise/#/\");\ncy.get(\".search-keyword\").type(\"ca\");\ncy.wait(2000);\ncy.get(\".product:visible\").should(\"have.length\", 4); //parent-child chain\ncy.get(\".products\").find(\".product\").should(\"have.length\", 4);\ncy.get(\".products\").find(\".product\").should(\"have.length\", 4);\ncy.get(\".products\").find(\".product\").eq(1).contains(\"ADD TO CART\").click();\ncy.get(\".products\").find(\".product\").each(function ($el, index, $list) {\n  var textVeg = $el.find(\"h4.product.name\").text();\n  if (textVeg.includes(\"Cashews\")) {\n    cy.wrap($el).find(\"button\").click();\n  }\n});",
              "err": {},
              "uuid": "4ac2c658-3dff-428e-9da3-24ce3e0d6513",
              "parentUUID": "cb608045-e0a9-4546-8534-6bbd81aa2c3b",
              "isHook": false,
              "skipped": false
            }
          ],
          "suites": [],
          "passes": [
            "4ac2c658-3dff-428e-9da3-24ce3e0d6513"
          ],
          "failures": [],
          "pending": [],
          "skipped": [],
          "duration": 5516,
          "root": false,
          "rootEmpty": false,
          "_timeout": 2000
        }
      ],
      "passes": [],
      "failures": [],
      "pending": [],
      "skipped": [],
      "duration": 0,
      "root": true,
      "rootEmpty": true,
      "_timeout": 2000
    }
  ],
  "meta": {
    "mocha": {
      "version": "7.0.1"
    },
    "mochawesome": {
      "options": {
        "quiet": false,
        "reportFilename": "mochawesome",
        "saveHtml": false,
        "saveJson": true,
        "consoleReporter": "spec",
        "useInlineDiffs": false,
        "code": true
      },
      "version": "7.0.1"
    },
    "marge": {
      "options": {
        "charts": true,
        "overwrite": false,
        "html": false,
        "json": true,
        "reportDir": "cypress/report/mochawesome-report"
      },
      "version": "6.0.1"
    }
  }
}