{
  "stats": {
    "suites": 1,
    "tests": 1,
    "passes": 1,
    "pending": 0,
    "failures": 0,
    "start": "2021-11-27T18:38:26.038Z",
    "end": "2021-11-27T18:38:36.045Z",
    "duration": 10007,
    "testsRegistered": 1,
    "passPercent": 100,
    "pendingPercent": 0,
    "other": 0,
    "hasOther": false,
    "skipped": 0,
    "hasSkipped": false
  },
  "results": [
    {
      "uuid": "81824ef8-b072-4d02-a80b-19f67a9c6e4c",
      "title": "",
      "fullFile": "cypress/integration/DemoTest/OpenWindow.js",
      "file": "cypress/integration/DemoTest/OpenWindow.js",
      "beforeHooks": [],
      "afterHooks": [],
      "tests": [],
      "suites": [
        {
          "uuid": "39f91525-5866-404a-a936-556955280140",
          "title": "MouseHover TestSuite",
          "fullFile": "",
          "file": "",
          "beforeHooks": [],
          "afterHooks": [],
          "tests": [
            {
              "title": "Testcase-1",
              "fullTitle": "MouseHover TestSuite Testcase-1",
              "timedOut": null,
              "duration": 8211,
              "state": "passed",
              "speed": "medium",
              "pass": true,
              "fail": false,
              "pending": false,
              "context": null,
              "code": "cy.visit(Cypress.env(\"url\") + \"/AutomationPractice/\"); //   Get the value of an property\ncy.get(\"#opentab\").then(function (el) {\n  var url = el.prop(\"href\");\n  cy.visit(url);\n}); // cy.get(\"#openwindow\").invoke(\"removeAttr\", \"onclick\").click();",
              "err": {},
              "uuid": "67b03d0a-febb-41e8-8a9d-66f2796b3e93",
              "parentUUID": "39f91525-5866-404a-a936-556955280140",
              "isHook": false,
              "skipped": false
            }
          ],
          "suites": [],
          "passes": [
            "67b03d0a-febb-41e8-8a9d-66f2796b3e93"
          ],
          "failures": [],
          "pending": [],
          "skipped": [],
          "duration": 8211,
          "root": false,
          "rootEmpty": false,
          "_timeout": 2000
        }
      ],
      "passes": [],
      "failures": [],
      "pending": [],
      "skipped": [],
      "duration": 0,
      "root": true,
      "rootEmpty": true,
      "_timeout": 2000
    }
  ],
  "meta": {
    "mocha": {
      "version": "7.0.1"
    },
    "mochawesome": {
      "options": {
        "quiet": false,
        "reportFilename": "mochawesome",
        "saveHtml": false,
        "saveJson": true,
        "consoleReporter": "spec",
        "useInlineDiffs": false,
        "code": true
      },
      "version": "7.0.1"
    },
    "marge": {
      "options": {
        "charts": true,
        "overwrite": false,
        "html": false,
        "json": true,
        "reportDir": "cypress/report/mochawesome-report"
      },
      "version": "6.0.1"
    }
  }
}