{
  "stats": {
    "suites": 1,
    "tests": 1,
    "passes": 1,
    "pending": 0,
    "failures": 0,
    "start": "2021-11-27T13:47:05.479Z",
    "end": "2021-11-27T13:47:22.398Z",
    "duration": 16919,
    "testsRegistered": 1,
    "passPercent": 100,
    "pendingPercent": 0,
    "other": 0,
    "hasOther": false,
    "skipped": 0,
    "hasSkipped": false
  },
  "results": [
    {
      "uuid": "87006e81-f190-48b2-9623-d0bd67801083",
      "title": "",
      "fullFile": "cypress/integration/DemoTest/AutomationPractice-2-Alerts.js",
      "file": "cypress/integration/DemoTest/AutomationPractice-2-Alerts.js",
      "beforeHooks": [],
      "afterHooks": [],
      "tests": [],
      "suites": [
        {
          "uuid": "a529f195-7d56-4fe7-a06b-9e81618a97b0",
          "title": "My TestSuite-3",
          "fullFile": "",
          "file": "",
          "beforeHooks": [],
          "afterHooks": [],
          "tests": [
            {
              "title": "TestCase-1",
              "fullTitle": "My TestSuite-3 TestCase-1",
              "timedOut": null,
              "duration": 14725,
              "state": "passed",
              "speed": "slow",
              "pass": true,
              "fail": false,
              "pending": false,
              "context": null,
              "code": "cy.visit(Cypress.env(\"url\") + \"/AutomationPractice/\");\ncy.get(\"#alertbtn\").click(); //Cypress auto accepts alerts and pop-ups\n//window:alert- API\ncy.on(\"window:alert\", str => {\n  //mocha\n  expect(str).to.equal(\"Hello , share this practice page and share your knowledge\");\n});\ncy.get(\"input[value='Confirm']\").click(); //window:confirm- API\ncy.on(\"window:confirm\", confirm => {\n  expect(confirm).to.equal(\"Hello , Are you sure you want to confirm?\");\n});\ncy.get(\"#opentab\").invoke(\"removeAttr\", \"target\").click(); //  navigation back/forward, previous/next.\ncy.url().should(\"include\", \"rahulshettyacademy.com\");\ncy.go(\"back\");\ncy.url().should(\"include\", \"rahulshettyacademy.com/AutomationPractice/\");\ncy.go(\"forward\");\ncy.url().should(\"include\", \"rahulshettyacademy.com\");\ncy.go(\"back\");\ncy.url().should(\"include\", \"rahulshettyacademy.com/AutomationPractice/\");",
              "err": {},
              "uuid": "9aceb960-85ca-4e17-ad27-9d98cf2a23a6",
              "parentUUID": "a529f195-7d56-4fe7-a06b-9e81618a97b0",
              "isHook": false,
              "skipped": false
            }
          ],
          "suites": [],
          "passes": [
            "9aceb960-85ca-4e17-ad27-9d98cf2a23a6"
          ],
          "failures": [],
          "pending": [],
          "skipped": [],
          "duration": 14725,
          "root": false,
          "rootEmpty": false,
          "_timeout": 2000
        }
      ],
      "passes": [],
      "failures": [],
      "pending": [],
      "skipped": [],
      "duration": 0,
      "root": true,
      "rootEmpty": true,
      "_timeout": 2000
    }
  ],
  "meta": {
    "mocha": {
      "version": "7.0.1"
    },
    "mochawesome": {
      "options": {
        "quiet": false,
        "reportFilename": "mochawesome",
        "saveHtml": false,
        "saveJson": true,
        "consoleReporter": "spec",
        "useInlineDiffs": false,
        "code": true
      },
      "version": "7.0.1"
    },
    "marge": {
      "options": {
        "charts": true,
        "overwrite": false,
        "html": false,
        "json": true,
        "reportDir": "cypress/report/mochawesome-report"
      },
      "version": "6.0.1"
    }
  }
}