{
  "stats": {
    "suites": 1,
    "tests": 2,
    "passes": 2,
    "pending": 0,
    "failures": 0,
    "start": "2021-11-29T14:51:41.130Z",
    "end": "2021-11-29T14:52:08.993Z",
    "duration": 27863,
    "testsRegistered": 2,
    "passPercent": 100,
    "pendingPercent": 0,
    "other": 0,
    "hasOther": false,
    "skipped": 0,
    "hasSkipped": false
  },
  "results": [
    {
      "uuid": "8d268635-ef4f-4ade-9882-bb96e5164e9e",
      "title": "",
      "fullFile": "cypress/integration/BDD-Cucumber/ecommerce.feature",
      "file": "cypress/integration/BDD-Cucumber/ecommerce.feature",
      "beforeHooks": [],
      "afterHooks": [],
      "tests": [],
      "suites": [
        {
          "uuid": "d22728ba-940e-4410-824e-d14dbbb66c06",
          "title": "End to end E-commerce validation",
          "fullFile": "",
          "file": "",
          "beforeHooks": [],
          "afterHooks": [],
          "tests": [
            {
              "title": "E-commerce products delivery",
              "fullTitle": "End to end E-commerce validation E-commerce products delivery",
              "timedOut": null,
              "duration": 18696,
              "state": "passed",
              "speed": "slow",
              "pass": true,
              "fail": false,
              "pending": false,
              "context": null,
              "code": "const state = window.testState;\nreturn cy\n  .then(() => state.onStartScenario(scenario, indexedSteps))\n  .then(() =>\n    resolveAndRunBeforeHooks.call(this, scenario.tags, state.feature.name)\n  )\n  .then(() =>\n    indexedSteps.forEach((step) =>\n      stepTest.call(this, state, step, rowData)\n    )\n  )\n  .then(() => state.onFinishScenario(scenario));",
              "err": {},
              "uuid": "3de45077-519c-4637-b814-288afc38afb1",
              "parentUUID": "d22728ba-940e-4410-824e-d14dbbb66c06",
              "isHook": false,
              "skipped": false
            },
            {
              "title": "Filling the form to shop",
              "fullTitle": "End to end E-commerce validation Filling the form to shop",
              "timedOut": null,
              "duration": 6154,
              "state": "passed",
              "speed": "medium",
              "pass": true,
              "fail": false,
              "pending": false,
              "context": null,
              "code": "const state = window.testState;\nreturn cy\n  .then(() => state.onStartScenario(scenario, indexedSteps))\n  .then(() =>\n    resolveAndRunBeforeHooks.call(this, scenario.tags, state.feature.name)\n  )\n  .then(() =>\n    indexedSteps.forEach((step) =>\n      stepTest.call(this, state, step, rowData)\n    )\n  )\n  .then(() => state.onFinishScenario(scenario));",
              "err": {},
              "uuid": "1723b17e-be59-4c58-8e22-5d3722c3242e",
              "parentUUID": "d22728ba-940e-4410-824e-d14dbbb66c06",
              "isHook": false,
              "skipped": false
            }
          ],
          "suites": [],
          "passes": [
            "3de45077-519c-4637-b814-288afc38afb1",
            "1723b17e-be59-4c58-8e22-5d3722c3242e"
          ],
          "failures": [],
          "pending": [],
          "skipped": [],
          "duration": 24850,
          "root": false,
          "rootEmpty": false,
          "_timeout": 2000
        }
      ],
      "passes": [],
      "failures": [],
      "pending": [],
      "skipped": [],
      "duration": 0,
      "root": true,
      "rootEmpty": true,
      "_timeout": 2000
    }
  ],
  "meta": {
    "mocha": {
      "version": "7.0.1"
    },
    "mochawesome": {
      "options": {
        "quiet": false,
        "reportFilename": "mochawesome",
        "saveHtml": false,
        "saveJson": true,
        "consoleReporter": "spec",
        "useInlineDiffs": false,
        "code": true
      },
      "version": "7.0.1"
    },
    "marge": {
      "options": {
        "charts": true,
        "overwrite": false,
        "html": false,
        "json": true,
        "reportDir": "cypress/report/mochawesome-report"
      },
      "version": "6.0.1"
    }
  }
}