{
  "stats": {
    "suites": 1,
    "tests": 1,
    "passes": 1,
    "pending": 0,
    "failures": 0,
    "start": "2021-11-27T13:48:58.361Z",
    "end": "2021-11-27T13:49:08.822Z",
    "duration": 10461,
    "testsRegistered": 1,
    "passPercent": 100,
    "pendingPercent": 0,
    "other": 0,
    "hasOther": false,
    "skipped": 0,
    "hasSkipped": false
  },
  "results": [
    {
      "uuid": "8df33756-0e88-439e-83f5-010266d2724e",
      "title": "",
      "fullFile": "cypress/integration/DemoTest/WebTables.js",
      "file": "cypress/integration/DemoTest/WebTables.js",
      "beforeHooks": [],
      "afterHooks": [],
      "tests": [],
      "suites": [
        {
          "uuid": "16c7cf04-2778-4cd1-9096-1ac7e6420780",
          "title": "My Table TestSuite",
          "fullFile": "",
          "file": "",
          "beforeHooks": [],
          "afterHooks": [],
          "tests": [
            {
              "title": "TestCase-1",
              "fullTitle": "My Table TestSuite TestCase-1",
              "timedOut": null,
              "duration": 8541,
              "state": "passed",
              "speed": "medium",
              "pass": true,
              "fail": false,
              "pending": false,
              "context": null,
              "code": "cy.visit(Cypress.env(\"url\") + \"/AutomationPractice/\");\ncy.get(\".table-display td:nth-child(2)\").each(($el, index, $list) => {\n  const columnCourse = $el.text();\n  if (columnCourse.includes(\"Python\")) {\n    cy.get(\".table-display td:nth-child(2)\").eq(index).next().then(function (price) {\n      const priceText = price.text();\n      expect(priceText).to.equal(\"25\");\n    });\n  }\n});",
              "err": {},
              "uuid": "6d656f0a-edab-4185-b135-5545150d8852",
              "parentUUID": "16c7cf04-2778-4cd1-9096-1ac7e6420780",
              "isHook": false,
              "skipped": false
            }
          ],
          "suites": [],
          "passes": [
            "6d656f0a-edab-4185-b135-5545150d8852"
          ],
          "failures": [],
          "pending": [],
          "skipped": [],
          "duration": 8541,
          "root": false,
          "rootEmpty": false,
          "_timeout": 2000
        }
      ],
      "passes": [],
      "failures": [],
      "pending": [],
      "skipped": [],
      "duration": 0,
      "root": true,
      "rootEmpty": true,
      "_timeout": 2000
    }
  ],
  "meta": {
    "mocha": {
      "version": "7.0.1"
    },
    "mochawesome": {
      "options": {
        "quiet": false,
        "reportFilename": "mochawesome",
        "saveHtml": false,
        "saveJson": true,
        "consoleReporter": "spec",
        "useInlineDiffs": false,
        "code": true
      },
      "version": "7.0.1"
    },
    "marge": {
      "options": {
        "charts": true,
        "overwrite": false,
        "html": false,
        "json": true,
        "reportDir": "cypress/report/mochawesome-report"
      },
      "version": "6.0.1"
    }
  }
}