{
  "stats": {
    "suites": 1,
    "tests": 1,
    "passes": 1,
    "pending": 0,
    "failures": 0,
    "start": "2021-11-27T13:58:13.453Z",
    "end": "2021-11-27T13:58:21.769Z",
    "duration": 8316,
    "testsRegistered": 1,
    "passPercent": 100,
    "pendingPercent": 0,
    "other": 0,
    "hasOther": false,
    "skipped": 0,
    "hasSkipped": false
  },
  "results": [
    {
      "uuid": "33550fd5-9b1d-4de3-aad2-bda54b2ad152",
      "title": "",
      "fullFile": "cypress/integration/DemoTest/MouseHover.js",
      "file": "cypress/integration/DemoTest/MouseHover.js",
      "beforeHooks": [],
      "afterHooks": [],
      "tests": [],
      "suites": [
        {
          "uuid": "4b1a6cca-e1f9-4f20-9de8-1706b57cadf1",
          "title": "MouseHover TestSuite",
          "fullFile": "",
          "file": "",
          "beforeHooks": [],
          "afterHooks": [],
          "tests": [
            {
              "title": "Testcase-1",
              "fullTitle": "MouseHover TestSuite Testcase-1",
              "timedOut": null,
              "duration": 6526,
              "state": "passed",
              "speed": "medium",
              "pass": true,
              "fail": false,
              "pending": false,
              "context": null,
              "code": "cy.visit(Cypress.env(\"url\") + \"/AutomationPractice/\"); // cy.get(\".mouse-hover-content\").invoke(\"show\");\ncy.contains(\"Top\").click({\n  force: true\n});\ncy.url().should(\"include\", \"top\");",
              "err": {},
              "uuid": "7dc1c5d9-c795-43d4-8a89-cad476cd657b",
              "parentUUID": "4b1a6cca-e1f9-4f20-9de8-1706b57cadf1",
              "isHook": false,
              "skipped": false
            }
          ],
          "suites": [],
          "passes": [
            "7dc1c5d9-c795-43d4-8a89-cad476cd657b"
          ],
          "failures": [],
          "pending": [],
          "skipped": [],
          "duration": 6526,
          "root": false,
          "rootEmpty": false,
          "_timeout": 2000
        }
      ],
      "passes": [],
      "failures": [],
      "pending": [],
      "skipped": [],
      "duration": 0,
      "root": true,
      "rootEmpty": true,
      "_timeout": 2000
    }
  ],
  "meta": {
    "mocha": {
      "version": "7.0.1"
    },
    "mochawesome": {
      "options": {
        "quiet": false,
        "reportFilename": "mochawesome",
        "saveHtml": false,
        "saveJson": true,
        "consoleReporter": "spec",
        "useInlineDiffs": false,
        "code": true
      },
      "version": "7.0.1"
    },
    "marge": {
      "options": {
        "charts": true,
        "overwrite": false,
        "html": false,
        "json": true,
        "reportDir": "cypress/report/mochawesome-report"
      },
      "version": "6.0.1"
    }
  }
}