{
  "stats": {
    "suites": 1,
    "tests": 1,
    "passes": 1,
    "pending": 0,
    "failures": 0,
    "start": "2021-11-27T13:48:09.952Z",
    "end": "2021-11-27T13:48:19.457Z",
    "duration": 9505,
    "testsRegistered": 1,
    "passPercent": 100,
    "pendingPercent": 0,
    "other": 0,
    "hasOther": false,
    "skipped": 0,
    "hasSkipped": false
  },
  "results": [
    {
      "uuid": "1723906b-842a-4a9d-bdf2-822d76a584f9",
      "title": "",
      "fullFile": "cypress/integration/DemoTest/OpenWindow.js",
      "file": "cypress/integration/DemoTest/OpenWindow.js",
      "beforeHooks": [],
      "afterHooks": [],
      "tests": [],
      "suites": [
        {
          "uuid": "ae6a5232-3f8c-4500-8866-b0d6990b7340",
          "title": "MouseHover TestSuite",
          "fullFile": "",
          "file": "",
          "beforeHooks": [],
          "afterHooks": [],
          "tests": [
            {
              "title": "Testcase-1",
              "fullTitle": "MouseHover TestSuite Testcase-1",
              "timedOut": null,
              "duration": 7605,
              "state": "passed",
              "speed": "medium",
              "pass": true,
              "fail": false,
              "pending": false,
              "context": null,
              "code": "cy.visit(Cypress.env(\"url\") + \"/AutomationPractice/\"); //   Get the value of an property\ncy.get(\"#opentab\").then(function (el) {\n  const url = el.prop(\"href\");\n  cy.visit(url);\n}); // cy.get(\"#openwindow\").invoke(\"removeAttr\", \"onclick\").click();",
              "err": {},
              "uuid": "baab3c9d-8fe0-46c2-bd42-c085ee37e5c7",
              "parentUUID": "ae6a5232-3f8c-4500-8866-b0d6990b7340",
              "isHook": false,
              "skipped": false
            }
          ],
          "suites": [],
          "passes": [
            "baab3c9d-8fe0-46c2-bd42-c085ee37e5c7"
          ],
          "failures": [],
          "pending": [],
          "skipped": [],
          "duration": 7605,
          "root": false,
          "rootEmpty": false,
          "_timeout": 2000
        }
      ],
      "passes": [],
      "failures": [],
      "pending": [],
      "skipped": [],
      "duration": 0,
      "root": true,
      "rootEmpty": true,
      "_timeout": 2000
    }
  ],
  "meta": {
    "mocha": {
      "version": "7.0.1"
    },
    "mochawesome": {
      "options": {
        "quiet": false,
        "reportFilename": "mochawesome",
        "saveHtml": false,
        "saveJson": true,
        "consoleReporter": "spec",
        "useInlineDiffs": false,
        "code": true
      },
      "version": "7.0.1"
    },
    "marge": {
      "options": {
        "charts": true,
        "overwrite": false,
        "html": false,
        "json": true,
        "reportDir": "cypress/report/mochawesome-report"
      },
      "version": "6.0.1"
    }
  }
}