{
  "stats": {
    "suites": 1,
    "tests": 1,
    "passes": 1,
    "pending": 0,
    "failures": 0,
    "start": "2021-11-27T18:37:51.614Z",
    "end": "2021-11-27T18:38:00.132Z",
    "duration": 8518,
    "testsRegistered": 1,
    "passPercent": 100,
    "pendingPercent": 0,
    "other": 0,
    "hasOther": false,
    "skipped": 0,
    "hasSkipped": false
  },
  "results": [
    {
      "uuid": "bcecddcd-2e4d-4a9d-96bd-d8e674e9b6dc",
      "title": "",
      "fullFile": "cypress/integration/DemoTest/HandlingFrames.js",
      "file": "cypress/integration/DemoTest/HandlingFrames.js",
      "beforeHooks": [],
      "afterHooks": [],
      "tests": [],
      "suites": [
        {
          "uuid": "94f8090e-2d87-4c02-8f45-b971b71f1c33",
          "title": "MouseHover TestSuite",
          "fullFile": "",
          "file": "",
          "beforeHooks": [],
          "afterHooks": [],
          "tests": [
            {
              "title": "Testcase-1",
              "fullTitle": "MouseHover TestSuite Testcase-1",
              "timedOut": null,
              "duration": 7030,
              "state": "passed",
              "speed": "medium",
              "pass": true,
              "fail": false,
              "pending": false,
              "context": null,
              "code": "cy.visit(Cypress.env(\"url\") + \"/AutomationPractice/\");\ncy.frameLoaded(\"#courses-iframe\");\ncy.iframe().find(\"a[href*='mentorship']\").eq(0).click();\ncy.iframe().find('h1[class*=\"pricing-title\"]').should(\"have.length\", 2);",
              "err": {},
              "uuid": "96606161-9b06-4a56-a380-771272915f9a",
              "parentUUID": "94f8090e-2d87-4c02-8f45-b971b71f1c33",
              "isHook": false,
              "skipped": false
            }
          ],
          "suites": [],
          "passes": [
            "96606161-9b06-4a56-a380-771272915f9a"
          ],
          "failures": [],
          "pending": [],
          "skipped": [],
          "duration": 7030,
          "root": false,
          "rootEmpty": false,
          "_timeout": 2000
        }
      ],
      "passes": [],
      "failures": [],
      "pending": [],
      "skipped": [],
      "duration": 0,
      "root": true,
      "rootEmpty": true,
      "_timeout": 2000
    }
  ],
  "meta": {
    "mocha": {
      "version": "7.0.1"
    },
    "mochawesome": {
      "options": {
        "quiet": false,
        "reportFilename": "mochawesome",
        "saveHtml": false,
        "saveJson": true,
        "consoleReporter": "spec",
        "useInlineDiffs": false,
        "code": true
      },
      "version": "7.0.1"
    },
    "marge": {
      "options": {
        "charts": true,
        "overwrite": false,
        "html": false,
        "json": true,
        "reportDir": "cypress/report/mochawesome-report"
      },
      "version": "6.0.1"
    }
  }
}