{
  "stats": {
    "suites": 1,
    "tests": 1,
    "passes": 1,
    "pending": 0,
    "failures": 0,
    "start": "2021-11-27T18:37:42.975Z",
    "end": "2021-11-27T18:37:48.020Z",
    "duration": 5045,
    "testsRegistered": 1,
    "passPercent": 100,
    "pendingPercent": 0,
    "other": 0,
    "hasOther": false,
    "skipped": 0,
    "hasSkipped": false
  },
  "results": [
    {
      "uuid": "02274869-cb5f-4e2d-8b10-9937ed6904f3",
      "title": "",
      "fullFile": "cypress/integration/DemoTest/CypressHooks.js",
      "file": "cypress/integration/DemoTest/CypressHooks.js",
      "beforeHooks": [],
      "afterHooks": [],
      "tests": [],
      "suites": [
        {
          "uuid": "e7da0df8-4e15-4ab3-84b9-6c9aa029cb18",
          "title": "My TestSuite",
          "fullFile": "",
          "file": "",
          "beforeHooks": [],
          "afterHooks": [],
          "tests": [
            {
              "title": "My 1'st test",
              "fullTitle": "My TestSuite My 1'st test",
              "timedOut": null,
              "duration": 3779,
              "state": "passed",
              "speed": "fast",
              "pass": true,
              "fail": false,
              "pending": false,
              "context": null,
              "code": "var homePage = new _HomePage[\"default\"]();\nhomePage.getNameBox().type(this.data.name);\nhomePage.getGender().select(this.data.gender);\nhomePage.getTwoWayDataBinding().should(\"have.value\", this.data.name);\nhomePage.getNameBox().should(\"have.attr\", \"minlength\", \"2\");\nhomePage.getEnterpreneaurRadioButton().should(\"not.be.checked\");\nhomePage.getEnterpreneaurRadioButton().should(\"be.disabled\");\nhomePage.getShopTab().click();",
              "err": {},
              "uuid": "d5b7afb8-b08d-4c80-95ab-10712f8eccc0",
              "parentUUID": "e7da0df8-4e15-4ab3-84b9-6c9aa029cb18",
              "isHook": false,
              "skipped": false
            }
          ],
          "suites": [],
          "passes": [
            "d5b7afb8-b08d-4c80-95ab-10712f8eccc0"
          ],
          "failures": [],
          "pending": [],
          "skipped": [],
          "duration": 3779,
          "root": false,
          "rootEmpty": false,
          "_timeout": 2000
        }
      ],
      "passes": [],
      "failures": [],
      "pending": [],
      "skipped": [],
      "duration": 0,
      "root": true,
      "rootEmpty": true,
      "_timeout": 2000
    }
  ],
  "meta": {
    "mocha": {
      "version": "7.0.1"
    },
    "mochawesome": {
      "options": {
        "quiet": false,
        "reportFilename": "mochawesome",
        "saveHtml": false,
        "saveJson": true,
        "consoleReporter": "spec",
        "useInlineDiffs": false,
        "code": true
      },
      "version": "7.0.1"
    },
    "marge": {
      "options": {
        "charts": true,
        "overwrite": false,
        "html": false,
        "json": true,
        "reportDir": "cypress/report/mochawesome-report"
      },
      "version": "6.0.1"
    }
  }
}