{
  "stats": {
    "suites": 1,
    "tests": 1,
    "passes": 1,
    "pending": 0,
    "failures": 0,
    "start": "2021-11-27T14:05:43.290Z",
    "end": "2021-11-27T14:05:50.818Z",
    "duration": 7528,
    "testsRegistered": 1,
    "passPercent": 100,
    "pendingPercent": 0,
    "other": 0,
    "hasOther": false,
    "skipped": 0,
    "hasSkipped": false
  },
  "results": [
    {
      "uuid": "11d9e028-34f6-42de-a48b-ec687038b6de",
      "title": "",
      "fullFile": "cypress/integration/DemoTest/WebTables.js",
      "file": "cypress/integration/DemoTest/WebTables.js",
      "beforeHooks": [],
      "afterHooks": [],
      "tests": [],
      "suites": [
        {
          "uuid": "151cd256-f85c-44e1-b122-cd5cc348be2d",
          "title": "My Table TestSuite",
          "fullFile": "",
          "file": "",
          "beforeHooks": [],
          "afterHooks": [],
          "tests": [
            {
              "title": "TestCase-1",
              "fullTitle": "My Table TestSuite TestCase-1",
              "timedOut": null,
              "duration": 6362,
              "state": "passed",
              "speed": "medium",
              "pass": true,
              "fail": false,
              "pending": false,
              "context": null,
              "code": "cy.visit(Cypress.env(\"url\") + \"/AutomationPractice/\");\ncy.get(\".table-display td:nth-child(2)\").each(($el, index, $list) => {\n  const columnCourse = $el.text();\n  if (columnCourse.includes(\"Python\")) {\n    cy.get(\".table-display td:nth-child(2)\").eq(index).next().then(function (price) {\n      const priceText = price.text();\n      expect(priceText).to.equal(\"25\");\n    });\n  }\n});",
              "err": {},
              "uuid": "e6488b60-f736-4c80-85c4-d1434ff0a22f",
              "parentUUID": "151cd256-f85c-44e1-b122-cd5cc348be2d",
              "isHook": false,
              "skipped": false
            }
          ],
          "suites": [],
          "passes": [
            "e6488b60-f736-4c80-85c4-d1434ff0a22f"
          ],
          "failures": [],
          "pending": [],
          "skipped": [],
          "duration": 6362,
          "root": false,
          "rootEmpty": false,
          "_timeout": 2000
        }
      ],
      "passes": [],
      "failures": [],
      "pending": [],
      "skipped": [],
      "duration": 0,
      "root": true,
      "rootEmpty": true,
      "_timeout": 2000
    }
  ],
  "meta": {
    "mocha": {
      "version": "7.0.1"
    },
    "mochawesome": {
      "options": {
        "quiet": false,
        "reportFilename": "mochawesome",
        "saveHtml": false,
        "saveJson": true,
        "consoleReporter": "spec",
        "useInlineDiffs": false,
        "code": true
      },
      "version": "7.0.1"
    },
    "marge": {
      "options": {
        "charts": true,
        "overwrite": false,
        "html": false,
        "json": true,
        "reportDir": "cypress/report/mochawesome-report"
      },
      "version": "6.0.1"
    }
  }
}