{
  "stats": {
    "suites": 1,
    "tests": 1,
    "passes": 1,
    "pending": 0,
    "failures": 0,
    "start": "2021-11-27T18:39:12.391Z",
    "end": "2021-11-27T18:39:20.391Z",
    "duration": 8000,
    "testsRegistered": 1,
    "passPercent": 100,
    "pendingPercent": 0,
    "other": 0,
    "hasOther": false,
    "skipped": 0,
    "hasSkipped": false
  },
  "results": [
    {
      "uuid": "ea806e3c-fa4a-446d-a894-50f3ab3feab6",
      "title": "",
      "fullFile": "cypress/integration/DemoTest/WebTables.js",
      "file": "cypress/integration/DemoTest/WebTables.js",
      "beforeHooks": [],
      "afterHooks": [],
      "tests": [],
      "suites": [
        {
          "uuid": "7bcc78ba-7e9e-4a0d-8864-fb0cb7ebd10f",
          "title": "My Table TestSuite",
          "fullFile": "",
          "file": "",
          "beforeHooks": [],
          "afterHooks": [],
          "tests": [
            {
              "title": "TestCase-1",
              "fullTitle": "My Table TestSuite TestCase-1",
              "timedOut": null,
              "duration": 6844,
              "state": "passed",
              "speed": "medium",
              "pass": true,
              "fail": false,
              "pending": false,
              "context": null,
              "code": "cy.visit(Cypress.env(\"url\") + \"/AutomationPractice/\");\ncy.get(\".table-display td:nth-child(2)\").each(function ($el, index, $list) {\n  var columnCourse = $el.text();\n  if (columnCourse.includes(\"Python\")) {\n    cy.get(\".table-display td:nth-child(2)\").eq(index).next().then(function (price) {\n      var priceText = price.text();\n      expect(priceText).to.equal(\"25\");\n    });\n  }\n});",
              "err": {},
              "uuid": "a78b7ab9-ab99-456e-8250-9d2d77e41394",
              "parentUUID": "7bcc78ba-7e9e-4a0d-8864-fb0cb7ebd10f",
              "isHook": false,
              "skipped": false
            }
          ],
          "suites": [],
          "passes": [
            "a78b7ab9-ab99-456e-8250-9d2d77e41394"
          ],
          "failures": [],
          "pending": [],
          "skipped": [],
          "duration": 6844,
          "root": false,
          "rootEmpty": false,
          "_timeout": 2000
        }
      ],
      "passes": [],
      "failures": [],
      "pending": [],
      "skipped": [],
      "duration": 0,
      "root": true,
      "rootEmpty": true,
      "_timeout": 2000
    }
  ],
  "meta": {
    "mocha": {
      "version": "7.0.1"
    },
    "mochawesome": {
      "options": {
        "quiet": false,
        "reportFilename": "mochawesome",
        "saveHtml": false,
        "saveJson": true,
        "consoleReporter": "spec",
        "useInlineDiffs": false,
        "code": true
      },
      "version": "7.0.1"
    },
    "marge": {
      "options": {
        "charts": true,
        "overwrite": false,
        "html": false,
        "json": true,
        "reportDir": "cypress/report/mochawesome-report"
      },
      "version": "6.0.1"
    }
  }
}