{
  "stats": {
    "suites": 1,
    "tests": 1,
    "passes": 1,
    "pending": 0,
    "failures": 0,
    "start": "2021-11-27T13:57:51.814Z",
    "end": "2021-11-27T13:57:57.294Z",
    "duration": 5480,
    "testsRegistered": 1,
    "passPercent": 100,
    "pendingPercent": 0,
    "other": 0,
    "hasOther": false,
    "skipped": 0,
    "hasSkipped": false
  },
  "results": [
    {
      "uuid": "65c50f52-c13b-479a-a76f-02494d8d8fdd",
      "title": "",
      "fullFile": "cypress/integration/DemoTest/CypressHooks.js",
      "file": "cypress/integration/DemoTest/CypressHooks.js",
      "beforeHooks": [],
      "afterHooks": [],
      "tests": [],
      "suites": [
        {
          "uuid": "0c3a0c66-cae2-478c-a2d9-b0a6e04b92ba",
          "title": "My TestSuite",
          "fullFile": "",
          "file": "",
          "beforeHooks": [],
          "afterHooks": [],
          "tests": [
            {
              "title": "My 1'st test",
              "fullTitle": "My TestSuite My 1'st test",
              "timedOut": null,
              "duration": 4085,
              "state": "passed",
              "speed": "fast",
              "pass": true,
              "fail": false,
              "pending": false,
              "context": null,
              "code": "const homePage = new _HomePage.default();\nhomePage.getNameBox().type(this.data.name);\nhomePage.getGender().select(this.data.gender);\nhomePage.getTwoWayDataBinding().should(\"have.value\", this.data.name);\nhomePage.getNameBox().should(\"have.attr\", \"minlength\", \"2\");\nhomePage.getEnterpreneaurRadioButton().should(\"not.be.checked\");\nhomePage.getEnterpreneaurRadioButton().should(\"be.disabled\");\nhomePage.getShopTab().click();",
              "err": {},
              "uuid": "dc99df80-10de-4d9a-9e19-5d140276d926",
              "parentUUID": "0c3a0c66-cae2-478c-a2d9-b0a6e04b92ba",
              "isHook": false,
              "skipped": false
            }
          ],
          "suites": [],
          "passes": [
            "dc99df80-10de-4d9a-9e19-5d140276d926"
          ],
          "failures": [],
          "pending": [],
          "skipped": [],
          "duration": 4085,
          "root": false,
          "rootEmpty": false,
          "_timeout": 2000
        }
      ],
      "passes": [],
      "failures": [],
      "pending": [],
      "skipped": [],
      "duration": 0,
      "root": true,
      "rootEmpty": true,
      "_timeout": 2000
    }
  ],
  "meta": {
    "mocha": {
      "version": "7.0.1"
    },
    "mochawesome": {
      "options": {
        "quiet": false,
        "reportFilename": "mochawesome",
        "saveHtml": false,
        "saveJson": true,
        "consoleReporter": "spec",
        "useInlineDiffs": false,
        "code": true
      },
      "version": "7.0.1"
    },
    "marge": {
      "options": {
        "charts": true,
        "overwrite": false,
        "html": false,
        "json": true,
        "reportDir": "cypress/report/mochawesome-report"
      },
      "version": "6.0.1"
    }
  }
}