{
  "stats": {
    "suites": 1,
    "tests": 1,
    "passes": 1,
    "pending": 0,
    "failures": 0,
    "start": "2021-11-27T14:04:53.781Z",
    "end": "2021-11-27T14:05:04.215Z",
    "duration": 10434,
    "testsRegistered": 1,
    "passPercent": 100,
    "pendingPercent": 0,
    "other": 0,
    "hasOther": false,
    "skipped": 0,
    "hasSkipped": false
  },
  "results": [
    {
      "uuid": "dd7e35b8-f98f-41cb-9453-c57d1b22fc57",
      "title": "",
      "fullFile": "cypress/integration/DemoTest/OpenWindow.js",
      "file": "cypress/integration/DemoTest/OpenWindow.js",
      "beforeHooks": [],
      "afterHooks": [],
      "tests": [],
      "suites": [
        {
          "uuid": "9d5aa45c-d4ff-4451-a509-3454f5af0ac9",
          "title": "MouseHover TestSuite",
          "fullFile": "",
          "file": "",
          "beforeHooks": [],
          "afterHooks": [],
          "tests": [
            {
              "title": "Testcase-1",
              "fullTitle": "MouseHover TestSuite Testcase-1",
              "timedOut": null,
              "duration": 8657,
              "state": "passed",
              "speed": "medium",
              "pass": true,
              "fail": false,
              "pending": false,
              "context": null,
              "code": "cy.visit(Cypress.env(\"url\") + \"/AutomationPractice/\"); //   Get the value of an property\ncy.get(\"#opentab\").then(function (el) {\n  const url = el.prop(\"href\");\n  cy.visit(url);\n}); // cy.get(\"#openwindow\").invoke(\"removeAttr\", \"onclick\").click();",
              "err": {},
              "uuid": "91966730-e16f-478a-97ca-ecf93010eaf9",
              "parentUUID": "9d5aa45c-d4ff-4451-a509-3454f5af0ac9",
              "isHook": false,
              "skipped": false
            }
          ],
          "suites": [],
          "passes": [
            "91966730-e16f-478a-97ca-ecf93010eaf9"
          ],
          "failures": [],
          "pending": [],
          "skipped": [],
          "duration": 8657,
          "root": false,
          "rootEmpty": false,
          "_timeout": 2000
        }
      ],
      "passes": [],
      "failures": [],
      "pending": [],
      "skipped": [],
      "duration": 0,
      "root": true,
      "rootEmpty": true,
      "_timeout": 2000
    }
  ],
  "meta": {
    "mocha": {
      "version": "7.0.1"
    },
    "mochawesome": {
      "options": {
        "quiet": false,
        "reportFilename": "mochawesome",
        "saveHtml": false,
        "saveJson": true,
        "consoleReporter": "spec",
        "useInlineDiffs": false,
        "code": true
      },
      "version": "7.0.1"
    },
    "marge": {
      "options": {
        "charts": true,
        "overwrite": false,
        "html": false,
        "json": true,
        "reportDir": "cypress/report/mochawesome-report"
      },
      "version": "6.0.1"
    }
  }
}